<?xml version="1.0" encoding="UTF-8"?>
<testng-results ignored="0" total="2" passed="2" failed="0" skipped="0">
  <reporter-output>
  </reporter-output>
  <suite started-at="2024-06-03T17:57:08 IST" name="Suite" finished-at="2024-06-03T17:57:08 IST" duration-ms="52">
    <groups>
    </groups>
    <test started-at="2024-06-03T17:57:08 IST" name="Test" finished-at="2024-06-03T17:57:08 IST" duration-ms="52">
      <class name="com.selenium.testing1.MySecondTest">
        <test-method signature="fourthRunTest()[pri:0, instance:com.selenium.testing1.MySecondTest@53ca01a2]" started-at="2024-06-03T17:57:08 IST" name="fourthRunTest" finished-at="2024-06-03T17:57:08 IST" duration-ms="0" status="PASS">
          <reporter-output>
          </reporter-output>
        </test-method> <!-- fourthRunTest -->
        <test-method signature="thirdRunTest()[pri:0, instance:com.selenium.testing1.MySecondTest@53ca01a2]" started-at="2024-06-03T17:57:08 IST" name="thirdRunTest" finished-at="2024-06-03T17:57:08 IST" duration-ms="0" status="PASS">
          <reporter-output>
          </reporter-output>
        </test-method> <!-- thirdRunTest -->
      </class> <!-- com.selenium.testing1.MySecondTest -->
    </test> <!-- Test -->
  </suite> <!-- Suite -->
</testng-results>
